Build started 28-06-2011 01:45:30.
     1>Project "D:\Utilizadores\Bruno\Dcoumentos\Escola\Ano 2\2 Semestre\SO\TG2\JogoSOClient\JogoSOClient\JogoSOClient.vcxproj" on node 2 (build target(s)).
     1>InitializeBuildStatus:
         Creating "Debug\JogoSOClient.unsuccessfulbuild" because "AlwaysCreate" was specified.
       ClCompile:
         C:\Program Files\Microsoft Visual Studio 10.0\VC\bin\CL.exe /c /ZI /nologo /W3 /WX- /Od /Oy- /D WIN32 /D _DEBUG /D _WINDOWS /Gm /EHsc /RTC1 /MDd /GS /fp:precise /Zc:wchar_t /Zc:forScope /Yc"StdAfx.h" /Fp"Debug\JogoSOClient.pch" /Fo"Debug\\" /Fd"Debug\vc100.pdb" /Gd /TP /analyze- /errorReport:prompt stdafx.cpp
         stdafx.cpp
         C:\Program Files\Microsoft Visual Studio 10.0\VC\bin\CL.exe /c /ZI /nologo /W3 /WX- /Od /Oy- /D WIN32 /D _DEBUG /D _WINDOWS /Gm /EHsc /RTC1 /MDd /GS /fp:precise /Zc:wchar_t /Zc:forScope /Yu"StdAfx.h" /Fp"Debug\JogoSOClient.pch" /Fo"Debug\\" /Fd"Debug\vc100.pdb" /Gd /TP /analyze- /errorReport:prompt JogoSOClient.cpp
         JogoSOClient.cpp
       ResourceCompile:
         C:\Program Files\Microsoft SDKs\Windows\v7.0A\bin\rc.exe /l"0x0409" /nologo /fo"Debug\JogoSOClient.res" JogoSOClient.rc 
       ManifestResourceCompile:
         C:\Program Files\Microsoft SDKs\Windows\v7.0A\bin\rc.exe /nologo /fo"Debug\JogoSOClient.exe.embed.manifest.res" Debug\JogoSOClient_manifest.rc 
       Link:
         C:\Program Files\Microsoft Visual Studio 10.0\VC\bin\link.exe /ERRORREPORT:PROMPT /OUT:"D:\Utilizadores\Bruno\Dcoumentos\Escola\Ano 2\2 Semestre\SO\TG2\JogoSOClient\Debug\JogoSOClient.exe" /INCREMENTAL /NOLOGO kernel32.lib user32.lib gdi32.lib winspool.lib comdlg32.lib advapi32.lib shell32.lib ole32.lib oleaut32.lib uuid.lib odbc32.lib odbccp32.lib /MANIFEST /ManifestFile:"Debug\JogoSOClient.exe.intermediate.manifest" /MANIFESTUAC:"level='asInvoker' uiAccess='false'" /DEBUG /PDB:"D:\Utilizadores\Bruno\Dcoumentos\Escola\Ano 2\2 Semestre\SO\TG2\JogoSOClient\Debug\JogoSOClient.pdb" /SUBSYSTEM:WINDOWS /TLBID:1 /DYNAMICBASE /NXCOMPAT /IMPLIB:"D:\Utilizadores\Bruno\Dcoumentos\Escola\Ano 2\2 Semestre\SO\TG2\JogoSOClient\Debug\JogoSOClient.lib" /MACHINE:X86 Debug\JogoSOClient.res
         Debug\JogoSOClient.exe.embed.manifest.res
         Debug\JogoSOClient.obj
         Debug\stdafx.obj
       Manifest:
         C:\Program Files\Microsoft SDKs\Windows\v7.0A\bin\mt.exe /nologo /verbose /out:"Debug\JogoSOClient.exe.embed.manifest" /manifest Debug\JogoSOClient.exe.intermediate.manifest
         All outputs are up-to-date.
       LinkEmbedManifest:
         C:\Program Files\Microsoft Visual Studio 10.0\VC\bin\link.exe /ERRORREPORT:PROMPT /OUT:"D:\Utilizadores\Bruno\Dcoumentos\Escola\Ano 2\2 Semestre\SO\TG2\JogoSOClient\Debug\JogoSOClient.exe" /INCREMENTAL /NOLOGO kernel32.lib user32.lib gdi32.lib winspool.lib comdlg32.lib advapi32.lib shell32.lib ole32.lib oleaut32.lib uuid.lib odbc32.lib odbccp32.lib /MANIFEST /ManifestFile:"Debug\JogoSOClient.exe.intermediate.manifest" /MANIFESTUAC:"level='asInvoker' uiAccess='false'" /DEBUG /PDB:"D:\Utilizadores\Bruno\Dcoumentos\Escola\Ano 2\2 Semestre\SO\TG2\JogoSOClient\Debug\JogoSOClient.pdb" /SUBSYSTEM:WINDOWS /TLBID:1 /DYNAMICBASE /NXCOMPAT /IMPLIB:"D:\Utilizadores\Bruno\Dcoumentos\Escola\Ano 2\2 Semestre\SO\TG2\JogoSOClient\Debug\JogoSOClient.lib" /MACHINE:X86 Debug\JogoSOClient.res
         Debug\JogoSOClient.exe.embed.manifest.res
         Debug\JogoSOClient.obj
         Debug\stdafx.obj
         JogoSOClient.vcxproj -> D:\Utilizadores\Bruno\Dcoumentos\Escola\Ano 2\2 Semestre\SO\TG2\JogoSOClient\Debug\JogoSOClient.exe
       FinalizeBuildStatus:
         Deleting file "Debug\JogoSOClient.unsuccessfulbuild".
         Touching "Debug\JogoSOClient.lastbuildstate".
     1>Done Building Project "D:\Utilizadores\Bruno\Dcoumentos\Escola\Ano 2\2 Semestre\SO\TG2\JogoSOClient\JogoSOClient\JogoSOClient.vcxproj" (build target(s)).

Build succeeded.

Time Elapsed 00:00:02.27
