Build started 03-07-2011 03:44:41.
     1>Project "D:\My Docs\Documentos\ESTIG\Ano 2\2 Semestre\SO\Trabalhos\TG2\JogoSOCliente(consola)\JogoSOClienteConsola\JogoSOClienteConsola.vcxproj" on node 2 (build target(s)).
     1>InitializeBuildStatus:
         Creating "Debug\JogoSOClienteConsola.unsuccessfulbuild" because "AlwaysCreate" was specified.
       ClCompile:
         All outputs are up-to-date.
         C:\Program Files (x86)\Microsoft Visual Studio 10.0\VC\bin\CL.exe /c /ZI /nologo /W3 /WX- /Od /Oy- /D WIN32 /D _DEBUG /D _CONSOLE /Gm /EHsc /RTC1 /MDd /GS /fp:precise /Zc:wchar_t /Zc:forScope /Yu"StdAfx.h" /Fp"Debug\JogoSOClienteConsola.pch" /Fo"Debug\\" /Fd"Debug\vc100.pdb" /Gd /TP /analyze- /errorReport:prompt JogoSOClienteConsola.cpp
         JogoSOClienteConsola.cpp
     1>d:\my docs\documentos\estig\ano 2\2 semestre\so\trabalhos\tg2\jogosocliente(consola)\jogosoclienteconsola\jogosoclienteconsola.cpp(109): warning C4996: 'fopen': This function or variable may be unsafe. Consider using fopen_s instead. To disable deprecation, use _CRT_SECURE_NO_WARNINGS. See online help for details.
                 c:\program files (x86)\microsoft visual studio 10.0\vc\include\stdio.h(234) : see declaration of 'fopen'
     1>d:\my docs\documentos\estig\ano 2\2 semestre\so\trabalhos\tg2\jogosocliente(consola)\jogosoclienteconsola\jogosoclienteconsola.cpp(112): warning C4996: 'fopen': This function or variable may be unsafe. Consider using fopen_s instead. To disable deprecation, use _CRT_SECURE_NO_WARNINGS. See online help for details.
                 c:\program files (x86)\microsoft visual studio 10.0\vc\include\stdio.h(234) : see declaration of 'fopen'
     1>d:\my docs\documentos\estig\ano 2\2 semestre\so\trabalhos\tg2\jogosocliente(consola)\jogosoclienteconsola\jogosoclienteconsola.cpp(407): warning C4996: 'strcpy': This function or variable may be unsafe. Consider using strcpy_s instead. To disable deprecation, use _CRT_SECURE_NO_WARNINGS. See online help for details.
                 c:\program files (x86)\microsoft visual studio 10.0\vc\include\string.h(105) : see declaration of 'strcpy'
     1>d:\my docs\documentos\estig\ano 2\2 semestre\so\trabalhos\tg2\jogosocliente(consola)\jogosoclienteconsola\jogosoclienteconsola.cpp(447): warning C4996: 'strcpy': This function or variable may be unsafe. Consider using strcpy_s instead. To disable deprecation, use _CRT_SECURE_NO_WARNINGS. See online help for details.
                 c:\program files (x86)\microsoft visual studio 10.0\vc\include\string.h(105) : see declaration of 'strcpy'
     1>d:\my docs\documentos\estig\ano 2\2 semestre\so\trabalhos\tg2\jogosocliente(consola)\jogosoclienteconsola\jogosoclienteconsola.cpp(457): warning C4996: 'strcpy': This function or variable may be unsafe. Consider using strcpy_s instead. To disable deprecation, use _CRT_SECURE_NO_WARNINGS. See online help for details.
                 c:\program files (x86)\microsoft visual studio 10.0\vc\include\string.h(105) : see declaration of 'strcpy'
     1>d:\my docs\documentos\estig\ano 2\2 semestre\so\trabalhos\tg2\jogosocliente(consola)\jogosoclienteconsola\jogosoclienteconsola.cpp(473): warning C4996: 'strcpy': This function or variable may be unsafe. Consider using strcpy_s instead. To disable deprecation, use _CRT_SECURE_NO_WARNINGS. See online help for details.
                 c:\program files (x86)\microsoft visual studio 10.0\vc\include\string.h(105) : see declaration of 'strcpy'
     1>d:\my docs\documentos\estig\ano 2\2 semestre\so\trabalhos\tg2\jogosocliente(consola)\jogosoclienteconsola\jogosoclienteconsola.cpp(486): warning C4996: 'strcpy': This function or variable may be unsafe. Consider using strcpy_s instead. To disable deprecation, use _CRT_SECURE_NO_WARNINGS. See online help for details.
                 c:\program files (x86)\microsoft visual studio 10.0\vc\include\string.h(105) : see declaration of 'strcpy'
     1>d:\my docs\documentos\estig\ano 2\2 semestre\so\trabalhos\tg2\jogosocliente(consola)\jogosoclienteconsola\jogosoclienteconsola.cpp(489): warning C4996: 'strcat': This function or variable may be unsafe. Consider using strcat_s instead. To disable deprecation, use _CRT_SECURE_NO_WARNINGS. See online help for details.
                 c:\program files (x86)\microsoft visual studio 10.0\vc\include\string.h(110) : see declaration of 'strcat'
     1>d:\my docs\documentos\estig\ano 2\2 semestre\so\trabalhos\tg2\jogosocliente(consola)\jogosoclienteconsola\jogosoclienteconsola.cpp(491): warning C4996: 'strcat': This function or variable may be unsafe. Consider using strcat_s instead. To disable deprecation, use _CRT_SECURE_NO_WARNINGS. See online help for details.
                 c:\program files (x86)\microsoft visual studio 10.0\vc\include\string.h(110) : see declaration of 'strcat'
     1>d:\my docs\documentos\estig\ano 2\2 semestre\so\trabalhos\tg2\jogosocliente(consola)\jogosoclienteconsola\jogosoclienteconsola.cpp(493): warning C4996: 'strcat': This function or variable may be unsafe. Consider using strcat_s instead. To disable deprecation, use _CRT_SECURE_NO_WARNINGS. See online help for details.
                 c:\program files (x86)\microsoft visual studio 10.0\vc\include\string.h(110) : see declaration of 'strcat'
     1>d:\my docs\documentos\estig\ano 2\2 semestre\so\trabalhos\tg2\jogosocliente(consola)\jogosoclienteconsola\jogosoclienteconsola.cpp(495): warning C4996: 'strcat': This function or variable may be unsafe. Consider using strcat_s instead. To disable deprecation, use _CRT_SECURE_NO_WARNINGS. See online help for details.
                 c:\program files (x86)\microsoft visual studio 10.0\vc\include\string.h(110) : see declaration of 'strcat'
     1>d:\my docs\documentos\estig\ano 2\2 semestre\so\trabalhos\tg2\jogosocliente(consola)\jogosoclienteconsola\jogosoclienteconsola.cpp(499): warning C4996: 'strcat': This function or variable may be unsafe. Consider using strcat_s instead. To disable deprecation, use _CRT_SECURE_NO_WARNINGS. See online help for details.
                 c:\program files (x86)\microsoft visual studio 10.0\vc\include\string.h(110) : see declaration of 'strcat'
     1>d:\my docs\documentos\estig\ano 2\2 semestre\so\trabalhos\tg2\jogosocliente(consola)\jogosoclienteconsola\jogosoclienteconsola.cpp(501): warning C4996: 'strcat': This function or variable may be unsafe. Consider using strcat_s instead. To disable deprecation, use _CRT_SECURE_NO_WARNINGS. See online help for details.
                 c:\program files (x86)\microsoft visual studio 10.0\vc\include\string.h(110) : see declaration of 'strcat'
     1>d:\my docs\documentos\estig\ano 2\2 semestre\so\trabalhos\tg2\jogosocliente(consola)\jogosoclienteconsola\jogosoclienteconsola.cpp(503): warning C4996: 'strcat': This function or variable may be unsafe. Consider using strcat_s instead. To disable deprecation, use _CRT_SECURE_NO_WARNINGS. See online help for details.
                 c:\program files (x86)\microsoft visual studio 10.0\vc\include\string.h(110) : see declaration of 'strcat'
     1>d:\my docs\documentos\estig\ano 2\2 semestre\so\trabalhos\tg2\jogosocliente(consola)\jogosoclienteconsola\jogosoclienteconsola.cpp(527): warning C4800: 'Celula *' : forcing value to bool 'true' or 'false' (performance warning)
     1>d:\my docs\documentos\estig\ano 2\2 semestre\so\trabalhos\tg2\jogosocliente(consola)\jogosoclienteconsola\jogosoclienteconsola.cpp(554): warning C4996: 'strcpy': This function or variable may be unsafe. Consider using strcpy_s instead. To disable deprecation, use _CRT_SECURE_NO_WARNINGS. See online help for details.
                 c:\program files (x86)\microsoft visual studio 10.0\vc\include\string.h(105) : see declaration of 'strcpy'
     1>d:\my docs\documentos\estig\ano 2\2 semestre\so\trabalhos\tg2\jogosocliente(consola)\jogosoclienteconsola\jogosoclienteconsola.cpp(555): warning C4996: 'strcpy': This function or variable may be unsafe. Consider using strcpy_s instead. To disable deprecation, use _CRT_SECURE_NO_WARNINGS. See online help for details.
                 c:\program files (x86)\microsoft visual studio 10.0\vc\include\string.h(105) : see declaration of 'strcpy'
     1>d:\my docs\documentos\estig\ano 2\2 semestre\so\trabalhos\tg2\jogosocliente(consola)\jogosoclienteconsola\jogosoclienteconsola.cpp(562): warning C4996: 'strtok': This function or variable may be unsafe. Consider using strtok_s instead. To disable deprecation, use _CRT_SECURE_NO_WARNINGS. See online help for details.
                 c:\program files (x86)\microsoft visual studio 10.0\vc\include\string.h(197) : see declaration of 'strtok'
     1>d:\my docs\documentos\estig\ano 2\2 semestre\so\trabalhos\tg2\jogosocliente(consola)\jogosoclienteconsola\jogosoclienteconsola.cpp(568): warning C4996: 'strtok': This function or variable may be unsafe. Consider using strtok_s instead. To disable deprecation, use _CRT_SECURE_NO_WARNINGS. See online help for details.
                 c:\program files (x86)\microsoft visual studio 10.0\vc\include\string.h(197) : see declaration of 'strtok'
     1>d:\my docs\documentos\estig\ano 2\2 semestre\so\trabalhos\tg2\jogosocliente(consola)\jogosoclienteconsola\jogosoclienteconsola.cpp(629): warning C4996: 'strcpy': This function or variable may be unsafe. Consider using strcpy_s instead. To disable deprecation, use _CRT_SECURE_NO_WARNINGS. See online help for details.
                 c:\program files (x86)\microsoft visual studio 10.0\vc\include\string.h(105) : see declaration of 'strcpy'
     1>d:\my docs\documentos\estig\ano 2\2 semestre\so\trabalhos\tg2\jogosocliente(consola)\jogosoclienteconsola\jogosoclienteconsola.cpp(632): warning C4996: 'scanf': This function or variable may be unsafe. Consider using scanf_s instead. To disable deprecation, use _CRT_SECURE_NO_WARNINGS. See online help for details.
                 c:\program files (x86)\microsoft visual studio 10.0\vc\include\stdio.h(304) : see declaration of 'scanf'
     1>d:\my docs\documentos\estig\ano 2\2 semestre\so\trabalhos\tg2\jogosocliente(consola)\jogosoclienteconsola\jogosoclienteconsola.cpp(645): warning C4996: 'fopen': This function or variable may be unsafe. Consider using fopen_s instead. To disable deprecation, use _CRT_SECURE_NO_WARNINGS. See online help for details.
                 c:\program files (x86)\microsoft visual studio 10.0\vc\include\stdio.h(234) : see declaration of 'fopen'
     1>d:\my docs\documentos\estig\ano 2\2 semestre\so\trabalhos\tg2\jogosocliente(consola)\jogosoclienteconsola\jogosoclienteconsola.cpp(680): warning C4996: 'strcpy': This function or variable may be unsafe. Consider using strcpy_s instead. To disable deprecation, use _CRT_SECURE_NO_WARNINGS. See online help for details.
                 c:\program files (x86)\microsoft visual studio 10.0\vc\include\string.h(105) : see declaration of 'strcpy'
     1>d:\my docs\documentos\estig\ano 2\2 semestre\so\trabalhos\tg2\jogosocliente(consola)\jogosoclienteconsola\jogosoclienteconsola.cpp(681): warning C4996: 'strcpy': This function or variable may be unsafe. Consider using strcpy_s instead. To disable deprecation, use _CRT_SECURE_NO_WARNINGS. See online help for details.
                 c:\program files (x86)\microsoft visual studio 10.0\vc\include\string.h(105) : see declaration of 'strcpy'
     1>d:\my docs\documentos\estig\ano 2\2 semestre\so\trabalhos\tg2\jogosocliente(consola)\jogosoclienteconsola\jogosoclienteconsola.cpp(688): warning C4996: 'strtok': This function or variable may be unsafe. Consider using strtok_s instead. To disable deprecation, use _CRT_SECURE_NO_WARNINGS. See online help for details.
                 c:\program files (x86)\microsoft visual studio 10.0\vc\include\string.h(197) : see declaration of 'strtok'
     1>d:\my docs\documentos\estig\ano 2\2 semestre\so\trabalhos\tg2\jogosocliente(consola)\jogosoclienteconsola\jogosoclienteconsola.cpp(694): warning C4996: 'strtok': This function or variable may be unsafe. Consider using strtok_s instead. To disable deprecation, use _CRT_SECURE_NO_WARNINGS. See online help for details.
                 c:\program files (x86)\microsoft visual studio 10.0\vc\include\string.h(197) : see declaration of 'strtok'
     1>d:\my docs\documentos\estig\ano 2\2 semestre\so\trabalhos\tg2\jogosocliente(consola)\jogosoclienteconsola\jogosoclienteconsola.cpp(802): warning C4996: 'strcpy': This function or variable may be unsafe. Consider using strcpy_s instead. To disable deprecation, use _CRT_SECURE_NO_WARNINGS. See online help for details.
                 c:\program files (x86)\microsoft visual studio 10.0\vc\include\string.h(105) : see declaration of 'strcpy'
     1>d:\my docs\documentos\estig\ano 2\2 semestre\so\trabalhos\tg2\jogosocliente(consola)\jogosoclienteconsola\jogosoclienteconsola.cpp(803): warning C4996: 'strcpy': This function or variable may be unsafe. Consider using strcpy_s instead. To disable deprecation, use _CRT_SECURE_NO_WARNINGS. See online help for details.
                 c:\program files (x86)\microsoft visual studio 10.0\vc\include\string.h(105) : see declaration of 'strcpy'
     1>d:\my docs\documentos\estig\ano 2\2 semestre\so\trabalhos\tg2\jogosocliente(consola)\jogosoclienteconsola\jogosoclienteconsola.cpp(610): warning C4715: 'trata_mensagem_luta' : not all control paths return a value
     1>d:\my docs\documentos\estig\ano 2\2 semestre\so\trabalhos\tg2\jogosocliente(consola)\jogosoclienteconsola\jogosoclienteconsola.cpp(788): warning C4715: 'trata_mensagem' : not all control paths return a value
       ManifestResourceCompile:
         All outputs are up-to-date.
       Link:
         C:\Program Files (x86)\Microsoft Visual Studio 10.0\VC\bin\link.exe /ERRORREPORT:PROMPT /OUT:"D:\My Docs\Documentos\ESTIG\Ano 2\2 Semestre\SO\Trabalhos\TG2\JogoSOCliente(consola)\JogoSOClienteConsola\Debug\JogoSOClienteConsola.exe" /INCREMENTAL /NOLOGO kernel32.lib user32.lib gdi32.lib winspool.lib comdlg32.lib advapi32.lib shell32.lib ole32.lib oleaut32.lib uuid.lib odbc32.lib odbccp32.lib /MANIFEST /ManifestFile:"Debug\JogoSOClienteConsola.exe.intermediate.manifest" /MANIFESTUAC:"level='asInvoker' uiAccess='false'" /DEBUG /PDB:"D:\My Docs\Documentos\ESTIG\Ano 2\2 Semestre\SO\Trabalhos\TG2\JogoSOCliente(consola)\JogoSOClienteConsola\Debug\JogoSOClienteConsola.pdb" /SUBSYSTEM:CONSOLE /TLBID:1 /DYNAMICBASE /NXCOMPAT /IMPLIB:"D:\My Docs\Documentos\ESTIG\Ano 2\2 Semestre\SO\Trabalhos\TG2\JogoSOCliente(consola)\JogoSOClienteConsola\Debug\JogoSOClienteConsola.lib" /MACHINE:X86 Debug\JogoSOClienteConsola.exe.embed.manifest.res
         Debug\JogoSOClienteConsola.obj
         Debug\stdafx.obj
       Manifest:
         C:\Program Files (x86)\Microsoft SDKs\Windows\v7.0A\bin\mt.exe /nologo /verbose /out:"Debug\JogoSOClienteConsola.exe.embed.manifest" /manifest Debug\JogoSOClienteConsola.exe.intermediate.manifest
         All outputs are up-to-date.
       LinkEmbedManifest:
         All outputs are up-to-date.
         JogoSOClienteConsola.vcxproj -> D:\My Docs\Documentos\ESTIG\Ano 2\2 Semestre\SO\Trabalhos\TG2\JogoSOCliente(consola)\JogoSOClienteConsola\Debug\JogoSOClienteConsola.exe
       FinalizeBuildStatus:
         Deleting file "Debug\JogoSOClienteConsola.unsuccessfulbuild".
         Touching "Debug\JogoSOClienteConsola.lastbuildstate".
     1>Done Building Project "D:\My Docs\Documentos\ESTIG\Ano 2\2 Semestre\SO\Trabalhos\TG2\JogoSOCliente(consola)\JogoSOClienteConsola\JogoSOClienteConsola.vcxproj" (build target(s)).

Build succeeded.

Time Elapsed 00:00:03.62
