D:\UTILIZADORES\BRUNO\DCOUMENTOS\ESCOLA\ANO 2\2 SEMESTRE\SO\TG2\DEBUG\JOGOSO.EXE
D:\UTILIZADORES\BRUNO\DCOUMENTOS\ESCOLA\ANO 2\2 SEMESTRE\SO\TG2\DEBUG\JOGOSO.ILK
D:\UTILIZADORES\BRUNO\DCOUMENTOS\ESCOLA\ANO 2\2 SEMESTRE\SO\TG2\DEBUG\JOGOSO.PDB
D:\Utilizadores\Bruno\Dcoumentos\Escola\Ano 2\2 Semestre\SO\TG2\JogoSO\Debug\cl.command.1.tlog
D:\Utilizadores\Bruno\Dcoumentos\Escola\Ano 2\2 Semestre\SO\TG2\JogoSO\Debug\CL.read.1.tlog
D:\Utilizadores\Bruno\Dcoumentos\Escola\Ano 2\2 Semestre\SO\TG2\JogoSO\Debug\CL.write.1.tlog
D:\UTILIZADORES\BRUNO\DCOUMENTOS\ESCOLA\ANO 2\2 SEMESTRE\SO\TG2\JOGOSO\DEBUG\JOGOSO.EXE.EMBED.MANIFEST
D:\UTILIZADORES\BRUNO\DCOUMENTOS\ESCOLA\ANO 2\2 SEMESTRE\SO\TG2\JOGOSO\DEBUG\JOGOSO.EXE.EMBED.MANIFEST.RES
D:\UTILIZADORES\BRUNO\DCOUMENTOS\ESCOLA\ANO 2\2 SEMESTRE\SO\TG2\JOGOSO\DEBUG\JOGOSO.EXE.INTERMEDIATE.MANIFEST
D:\Utilizadores\Bruno\Dcoumentos\Escola\Ano 2\2 Semestre\SO\TG2\JogoSO\Debug\JogoSO.ilk
D:\UTILIZADORES\BRUNO\DCOUMENTOS\ESCOLA\ANO 2\2 SEMESTRE\SO\TG2\JOGOSO\DEBUG\JOGOSO.OBJ
D:\UTILIZADORES\BRUNO\DCOUMENTOS\ESCOLA\ANO 2\2 SEMESTRE\SO\TG2\JOGOSO\DEBUG\JOGOSO.PCH
D:\Utilizadores\Bruno\Dcoumentos\Escola\Ano 2\2 Semestre\SO\TG2\JogoSO\Debug\JogoSO.pdb
D:\UTILIZADORES\BRUNO\DCOUMENTOS\ESCOLA\ANO 2\2 SEMESTRE\SO\TG2\JOGOSO\DEBUG\JOGOSO.RES
D:\Utilizadores\Bruno\Dcoumentos\Escola\Ano 2\2 Semestre\SO\TG2\JogoSO\Debug\JogoSO_manifest.rc
D:\Utilizadores\Bruno\Dcoumentos\Escola\Ano 2\2 Semestre\SO\TG2\JogoSO\Debug\link.4188.read.1.tlog
D:\Utilizadores\Bruno\Dcoumentos\Escola\Ano 2\2 Semestre\SO\TG2\JogoSO\Debug\link.4188.write.1.tlog
D:\Utilizadores\Bruno\Dcoumentos\Escola\Ano 2\2 Semestre\SO\TG2\JogoSO\Debug\link.4188-cvtres.read.1.tlog
D:\Utilizadores\Bruno\Dcoumentos\Escola\Ano 2\2 Semestre\SO\TG2\JogoSO\Debug\link.4188-cvtres.write.1.tlog
D:\Utilizadores\Bruno\Dcoumentos\Escola\Ano 2\2 Semestre\SO\TG2\JogoSO\Debug\link.command.1.tlog
D:\Utilizadores\Bruno\Dcoumentos\Escola\Ano 2\2 Semestre\SO\TG2\JogoSO\Debug\link.read.1.tlog
D:\Utilizadores\Bruno\Dcoumentos\Escola\Ano 2\2 Semestre\SO\TG2\JogoSO\Debug\link.write.1.tlog
D:\Utilizadores\Bruno\Dcoumentos\Escola\Ano 2\2 Semestre\SO\TG2\JogoSO\Debug\link-cvtres.read.1.tlog
D:\Utilizadores\Bruno\Dcoumentos\Escola\Ano 2\2 Semestre\SO\TG2\JogoSO\Debug\link-cvtres.write.1.tlog
D:\Utilizadores\Bruno\Dcoumentos\Escola\Ano 2\2 Semestre\SO\TG2\JogoSO\Debug\mt.command.1.tlog
D:\Utilizadores\Bruno\Dcoumentos\Escola\Ano 2\2 Semestre\SO\TG2\JogoSO\Debug\mt.read.1.tlog
D:\Utilizadores\Bruno\Dcoumentos\Escola\Ano 2\2 Semestre\SO\TG2\JogoSO\Debug\mt.write.1.tlog
D:\Utilizadores\Bruno\Dcoumentos\Escola\Ano 2\2 Semestre\SO\TG2\JogoSO\Debug\rc.command.1.tlog
D:\Utilizadores\Bruno\Dcoumentos\Escola\Ano 2\2 Semestre\SO\TG2\JogoSO\Debug\rc.read.1.tlog
D:\Utilizadores\Bruno\Dcoumentos\Escola\Ano 2\2 Semestre\SO\TG2\JogoSO\Debug\rc.write.1.tlog
D:\UTILIZADORES\BRUNO\DCOUMENTOS\ESCOLA\ANO 2\2 SEMESTRE\SO\TG2\JOGOSO\DEBUG\STDAFX.OBJ
D:\Utilizadores\Bruno\Dcoumentos\Escola\Ano 2\2 Semestre\SO\TG2\JogoSO\Debug\vc100.idb
D:\UTILIZADORES\BRUNO\DCOUMENTOS\ESCOLA\ANO 2\2 SEMESTRE\SO\TG2\JOGOSO\DEBUG\VC100.PDB
